<?xml version="1.0" encoding="UTF-8"?>
<!-- Generated by org.testng.reporters.JUnitReportReporter -->
<testsuite hostname="RP" failures="0" tests="1" name="tests.JsonSchemaValidate" time="1.682" errors="0" timestamp="2022-10-07T14:07:04 EDT" skipped="0">
  <testcase classname="tests.JsonSchemaValidate" name="GetRequest" time="1.682"/>
  <system-out/>
</testsuite> <!-- tests.JsonSchemaValidate -->
