<?xml version="1.0" encoding="UTF-8"?>
<!-- Generated by org.testng.reporters.JUnitReportReporter -->
<testsuite hostname="RP" failures="0" tests="2" name="tests.TestGetandPostUSer" time="1.778" errors="0" timestamp="2022-10-07T14:07:21 EDT" skipped="0">
  <testcase classname="tests.TestGetandPostUSer" name="TestPostUSer" time="0.476"/>
  <system-out/>
  <testcase classname="tests.TestGetandPostUSer" name="TestGetandPostMethod" time="1.302"/>
  <system-out/>
</testsuite> <!-- tests.TestGetandPostUSer -->
