<?xml version="1.0" encoding="UTF-8"?>
<!-- Generated by org.testng.reporters.JUnitReportReporter -->
<testsuite hostname="RP" failures="0" tests="2" name="tests.Test_01" time="2.133" errors="0" timestamp="2022-10-05T17:20:29 EDT" skipped="0">
  <testcase classname="tests.Test_01" name="CreateUserTest" time="1.439"/>
  <system-out/>
  <testcase classname="tests.Test_01" name="CreateUserTestupdate" time="0.694"/>
  <system-out/>
</testsuite> <!-- tests.Test_01 -->
