<?xml version="1.0" encoding="UTF-8"?>
<!-- Generated by org.testng.reporters.JUnitReportReporter -->
<testsuite hostname="RP" failures="0" tests="1" name="tests.XMLSchemaValidation" time="1.744" errors="0" timestamp="2022-10-07T14:08:07 EDT" skipped="0">
  <testcase classname="tests.XMLSchemaValidation" name="SchemaValidation" time="1.744"/>
  <system-out/>
</testsuite> <!-- tests.XMLSchemaValidation -->
