<?xml version="1.0" encoding="UTF-8"?>
<!-- Generated by org.testng.reporters.JUnitReportReporter -->
<testsuite hostname="RP" failures="0" tests="2" name="tests.GetAndPostRequest" time="2.813" errors="0" timestamp="2022-10-06T10:00:43 EDT" skipped="0">
  <testcase classname="tests.GetAndPostRequest" name="TestPost" time="0.568"/>
  <system-out/>
  <testcase classname="tests.GetAndPostRequest" name="TestGetandPostMethod" time="2.245"/>
  <system-out/>
</testsuite> <!-- tests.GetAndPostRequest -->
