<?xml version="1.0" encoding="UTF-8"?>
<!-- Generated by org.testng.reporters.JUnitReportReporter -->
<testsuite hostname="RP" failures="0" tests="2" name="tests.GetUser" time="2.402" errors="0" timestamp="2022-10-06T09:56:46 EDT" skipped="0">
  <testcase classname="tests.GetUser" name="CreateUserTestupdate" time="0.781"/>
  <system-out/>
  <testcase classname="tests.GetUser" name="CreateUserTest" time="1.621"/>
  <system-out/>
</testsuite> <!-- tests.GetUser -->
