<?xml version="1.0" encoding="UTF-8"?>
<!-- Generated by org.testng.reporters.JUnitReportReporter -->
<testsuite hostname="RP" failures="0" tests="2" name="tests.TestGetUSer" time="2.147" errors="0" timestamp="2022-10-07T14:07:30 EDT" skipped="0">
  <testcase classname="tests.TestGetUSer" name="CreateUserTest" time="1.304"/>
  <system-out/>
  <testcase classname="tests.TestGetUSer" name="CreateUserTestupdate" time="0.843"/>
  <system-out/>
</testsuite> <!-- tests.TestGetUSer -->
