<?xml version="1.0" encoding="UTF-8"?>
<!-- Generated by org.testng.reporters.JUnitReportReporter -->
<testsuite hostname="RP" failures="0" tests="1" name="tests.SoapXMLRequest" time="1.605" errors="0" timestamp="2022-10-07T14:07:13 EDT" skipped="0">
  <testcase classname="tests.SoapXMLRequest" name="validateSoapXml" time="1.605"/>
  <system-out/>
</testsuite> <!-- tests.SoapXMLRequest -->
