<?xml version="1.0" encoding="UTF-8"?>
<!-- Generated by org.testng.reporters.JUnitReportReporter -->
<testsuite hostname="RP" failures="0" tests="3" name="tests.PutPatchAndDelete" time="2.534" errors="0" timestamp="2022-10-07T14:05:15 EDT" skipped="0">
  <testcase classname="tests.PutPatchAndDelete" name="TestPutUser" time="1.696"/>
  <system-out/>
  <testcase classname="tests.PutPatchAndDelete" name="TestPatchUser" time="0.329"/>
  <system-out/>
  <testcase classname="tests.PutPatchAndDelete" name="TestDeleteUser" time="0.509"/>
  <system-out/>
</testsuite> <!-- tests.PutPatchAndDelete -->
